wlan0     Scan completed :
          Cell 01 - Address: E0:91:F5:7D:C9:14
                    Channel:6
                    Frequency:2.437 GHz (Channel 6)
                    Quality=69/70  Signal level=-41 dBm  
                    Encryption key:on
                    ESSID:"MomAndKids"
                    Bit Rates:1 Mb/s; 2 Mb/s; 5.5 Mb/s; 11 Mb/s; 18 Mb/s
                              24 Mb/s; 36 Mb/s; 54 Mb/s
                    Bit Rates:6 Mb/s; 9 Mb/s; 12 Mb/s; 48 Mb/s
                    Mode:Master
                    Extra:tsf=000000923d065308
                    Extra: Last beacon: 76ms ago
                    IE: Unknown: 000A4D6F6D416E644B696473
                    IE: Unknown: 010882840B162430486C
                    IE: Unknown: 030106
                    IE: Unknown: 2A0104
                    IE: Unknown: 2F0104
                    IE: IEEE 802.11i/WPA2 Version 1
                        Group Cipher : CCMP
                        Pairwise Ciphers (1) : CCMP
                        Authentication Suites (1) : PSK
                    IE: Unknown: 32040C121860
                    IE: Unknown: 2D1A7C181BFFFF000000000000000000000000000000000000000000
                    IE: Unknown: 3D1606001700000000000000000000000000000000000000
                    IE: Unknown: 4A0E14000A002C01C800140005001900
                    IE: Unknown: 7F0101
                    IE: Unknown: DD7C0050F204104A00011010440001021041000100103B00010310470010CC0317EE390868DD4B2A8BA6A3A31E111021000D4E4554474541522C20496E632E10230009574E5232303030763210240009574E523230303076321042000230311054000800060050F204000110110009574E52323030307632100800020084
                    IE: Unknown: DD090010180205F0000000
                    IE: Unknown: DD1E00904C337C181BFFFF000000000000000000000000000000000000000000
                    IE: Unknown: DD1A00904C3406001700000000000000000000000000000000000000

